{"D:\\Study\\RS-React-Apps\\src\\app\\App.tsx": {"path":"D:\\Study\\RS-React-Apps\\src\\app\\App.tsx","statementMap":{"0":{"start":{"line":1,"column":0},"end":{"line":1,"column":26}},"1":{"start":{"line":2,"column":0},"end":{"line":2,"column":48}},"2":{"start":{"line":3,"column":0},"end":{"line":3,"column":44}},"3":{"start":{"line":4,"column":0},"end":{"line":4,"column":19}},"4":{"start":{"line":5,"column":0},"end":{"line":5,"column":37}},"5":{"start":{"line":6,"column":0},"end":{"line":6,"column":44}},"6":{"start":{"line":7,"column":0},"end":{"line":7,"column":46}},"7":{"start":{"line":8,"column":0},"end":{"line":8,"column":44}},"8":{"start":{"line":11,"column":40},"end":{"line":11,"column":55}},"9":{"start":{"line":11,"column":20},"end":{"line":11,"column":22}},"10":{"start":{"line":11,"column":36},"end":{"line":11,"column":40}},"11":{"start":{"line":12,"column":36},"end":{"line":12,"column":51}},"12":{"start":{"line":12,"column":18},"end":{"line":12,"column":20}},"13":{"start":{"line":12,"column":32},"end":{"line":12,"column":36}},"14":{"start":{"line":13,"column":39},"end":{"line":13,"column":51}},"15":{"start":{"line":13,"column":20},"end":{"line":13,"column":22}},"16":{"start":{"line":13,"column":35},"end":{"line":13,"column":39}},"17":{"start":{"line":15,"column":23},"end":{"line":15,"column":null}},"18":{"start":{"line":16,"column":10},"end":{"line":23,"column":6}},"19":{"start":{"line":16,"column":21},"end":{"line":23,"column":6}},"20":{"start":{"line":17,"column":6},"end":{"line":17,"column":25}},"21":{"start":{"line":18,"column":19},"end":{"line":20,"column":null}},"22":{"start":{"line":18,"column":12},"end":{"line":20,"column":null}},"23":{"start":{"line":21,"column":6},"end":{"line":21,"column":26}},"24":{"start":{"line":22,"column":6},"end":{"line":22,"column":26}},"25":{"start":{"line":24,"column":4},"end":{"line":24,"column":49}},"26":{"start":{"line":24,"column":27},"end":{"line":24,"column":48}},"27":{"start":{"line":27,"column":2},"end":{"line":29,"column":9}},"28":{"start":{"line":28,"column":4},"end":{"line":28,"column":12}},"29":{"start":{"line":32,"column":4},"end":{"line":32,"column":56}},"30":{"start":{"line":33,"column":4},"end":{"line":33,"column":25}},"31":{"start":{"line":36,"column":2},"end":{"line":38,"column":3}},"32":{"start":{"line":37,"column":4},"end":{"line":37,"column":58}},"33":{"start":{"line":40,"column":2},"end":{"line":42,"column":3}},"34":{"start":{"line":41,"column":4},"end":{"line":41,"column":23}},"35":{"start":{"line":44,"column":2},"end":{"line":49,"column":4}},"36":{"start":{"line":52,"column":0},"end":{"line":52,"column":19}}},"fnMap":{"0":{"name":"App","decl":{"start":{"line":10,"column":9},"end":{"line":10,"column":12}},"loc":{"start":{"line":10,"column":12},"end":{"line":50,"column":1}}},"1":{"name":"fetch","decl":{"start":{"line":15,"column":17},"end":{"line":15,"column":22}},"loc":{"start":{"line":15,"column":22},"end":{"line":25,"column":null}}},"2":{"name":"(anonymous_18)","decl":{"start":{"line":16,"column":21},"end":{"line":16,"column":null}},"loc":{"start":{"line":16,"column":21},"end":{"line":23,"column":6}}},"3":{"name":"(anonymous_21)","decl":{"start":{"line":24,"column":21},"end":{"line":24,"column":27}},"loc":{"start":{"line":24,"column":21},"end":{"line":24,"column":41}}},"4":{"name":"(anonymous_22)","decl":{"start":{"line":27,"column":12},"end":{"line":27,"column":null}},"loc":{"start":{"line":27,"column":12},"end":{"line":29,"column":3}}},"5":{"name":"handleError","decl":{"start":{"line":31,"column":11},"end":{"line":31,"column":22}},"loc":{"start":{"line":31,"column":69},"end":{"line":34,"column":3}}}},"branchMap":{"0":{"loc":{"start":{"line":15,"column":23},"end":{"line":15,"column":null}},"type":"if","locations":[{"start":{"line":15,"column":23},"end":{"line":15,"column":null}}]},"1":{"loc":{"start":{"line":19,"column":8},"end":{"line":19,"column":95}},"type":"cond-expr","locations":[{"start":{"line":19,"column":24},"end":{"line":19,"column":58}},{"start":{"line":19,"column":61},"end":{"line":19,"column":95}}]},"2":{"loc":{"start":{"line":36,"column":2},"end":{"line":38,"column":3}},"type":"if","locations":[{"start":{"line":36,"column":2},"end":{"line":38,"column":3}}]},"3":{"loc":{"start":{"line":40,"column":2},"end":{"line":42,"column":3}},"type":"if","locations":[{"start":{"line":40,"column":2},"end":{"line":42,"column":3}}]}},"s":{"0":1,"1":1,"2":1,"3":1,"4":1,"5":1,"6":1,"7":1,"8":4,"9":4,"10":4,"11":4,"12":4,"13":4,"14":4,"15":4,"16":4,"17":4,"18":2,"19":2,"20":2,"21":2,"22":0,"23":0,"24":0,"25":2,"26":0,"27":4,"28":2,"29":0,"30":0,"31":4,"32":0,"33":4,"34":2,"35":2,"36":1},"f":{"0":4,"1":2,"2":4,"3":0,"4":2,"5":0},"b":{"0":[2],"1":[0,2],"2":[0],"3":[2]}}
,"D:\\Study\\RS-React-Apps\\src\\components\\inputForm\\index.tsx": {"path":"D:\\Study\\RS-React-Apps\\src\\components\\inputForm\\index.tsx","statementMap":{"0":{"start":{"line":1,"column":0},"end":{"line":1,"column":64}},"1":{"start":{"line":2,"column":0},"end":{"line":2,"column":25}},"2":{"start":{"line":5,"column":29},"end":{"line":5,"column":31}},"3":{"start":{"line":5,"column":38},"end":{"line":5,"column":56}},"4":{"start":{"line":6,"column":36},"end":{"line":6,"column":87}},"5":{"start":{"line":6,"column":18},"end":{"line":6,"column":20}},"6":{"start":{"line":6,"column":32},"end":{"line":6,"column":36}},"7":{"start":{"line":9,"column":4},"end":{"line":9,"column":23}},"8":{"start":{"line":10,"column":4},"end":{"line":10,"column":58}},"9":{"start":{"line":11,"column":4},"end":{"line":11,"column":24}},"10":{"start":{"line":15,"column":21},"end":{"line":15,"column":35}},"11":{"start":{"line":16,"column":4},"end":{"line":16,"column":27}},"12":{"start":{"line":20,"column":4},"end":{"line":24,"column":5}},"13":{"start":{"line":21,"column":6},"end":{"line":21,"column":56}},"14":{"start":{"line":23,"column":6},"end":{"line":23,"column":54}},"15":{"start":{"line":27,"column":2},"end":{"line":35,"column":4}},"16":{"start":{"line":38,"column":0},"end":{"line":38,"column":25}}},"fnMap":{"0":{"name":"InputForm","decl":{"start":{"line":5,"column":9},"end":{"line":5,"column":18}},"loc":{"start":{"line":5,"column":56},"end":{"line":36,"column":1}}},"1":{"name":"handleSearchInput","decl":{"start":{"line":8,"column":11},"end":{"line":8,"column":28}},"loc":{"start":{"line":8,"column":58},"end":{"line":12,"column":3}}},"2":{"name":"changeText","decl":{"start":{"line":14,"column":11},"end":{"line":14,"column":21}},"loc":{"start":{"line":14,"column":54},"end":{"line":17,"column":3}}},"3":{"name":"throwError","decl":{"start":{"line":19,"column":11},"end":{"line":19,"column":21}},"loc":{"start":{"line":19,"column":21},"end":{"line":25,"column":3}}}},"branchMap":{"0":{"loc":{"start":{"line":6,"column":45},"end":{"line":6,"column":86}},"type":"binary-expr","locations":[{"start":{"line":6,"column":45},"end":{"line":6,"column":80}},{"start":{"line":6,"column":84},"end":{"line":6,"column":86}}]}},"s":{"0":1,"1":1,"2":6,"3":6,"4":6,"5":6,"6":6,"7":0,"8":0,"9":0,"10":1,"11":1,"12":0,"13":0,"14":0,"15":6,"16":1},"f":{"0":6,"1":0,"2":1,"3":0},"b":{"0":[6,6]}}
,"D:\\Study\\RS-React-Apps\\src\\components\\loading\\index.tsx": {"path":"D:\\Study\\RS-React-Apps\\src\\components\\loading\\index.tsx","statementMap":{"0":{"start":{"line":1,"column":0},"end":{"line":1,"column":26}},"1":{"start":{"line":2,"column":0},"end":{"line":2,"column":23}},"2":{"start":{"line":5,"column":2},"end":{"line":12,"column":4}},"3":{"start":{"line":15,"column":0},"end":{"line":15,"column":23}}},"fnMap":{"0":{"name":"Loading","decl":{"start":{"line":4,"column":9},"end":{"line":4,"column":16}},"loc":{"start":{"line":4,"column":16},"end":{"line":13,"column":1}}}},"branchMap":{},"s":{"0":1,"1":1,"2":2,"3":1},"f":{"0":2},"b":{}}
,"D:\\Study\\RS-React-Apps\\src\\components\\results\\index.tsx": {"path":"D:\\Study\\RS-React-Apps\\src\\components\\results\\index.tsx","statementMap":{"0":{"start":{"line":1,"column":0},"end":{"line":1,"column":40}},"1":{"start":{"line":3,"column":0},"end":{"line":3,"column":23}},"2":{"start":{"line":4,"column":0},"end":{"line":4,"column":49}},"3":{"start":{"line":5,"column":0},"end":{"line":5,"column":40}},"4":{"start":{"line":6,"column":0},"end":{"line":6,"column":33}},"5":{"start":{"line":8,"column":0},"end":{"line":8,"column":9}},"6":{"start":{"line":8,"column":23},"end":{"line":8,"column":39}},"7":{"start":{"line":9,"column":23},"end":{"line":9,"column":24}},"8":{"start":{"line":10,"column":21},"end":{"line":10,"column":24}},"9":{"start":{"line":11,"column":40},"end":{"line":11,"column":51}},"10":{"start":{"line":11,"column":20},"end":{"line":11,"column":22}},"11":{"start":{"line":11,"column":36},"end":{"line":11,"column":40}},"12":{"start":{"line":12,"column":28},"end":{"line":12,"column":42}},"13":{"start":{"line":12,"column":14},"end":{"line":12,"column":16}},"14":{"start":{"line":12,"column":24},"end":{"line":12,"column":28}},"15":{"start":{"line":13,"column":36},"end":{"line":13,"column":51}},"16":{"start":{"line":13,"column":18},"end":{"line":13,"column":20}},"17":{"start":{"line":13,"column":32},"end":{"line":13,"column":36}},"18":{"start":{"line":15,"column":25},"end":{"line":26,"column":4}},"19":{"start":{"line":16,"column":4},"end":{"line":16,"column":23}},"20":{"start":{"line":17,"column":8},"end":{"line":17,"column":19}},"21":{"start":{"line":18,"column":12},"end":{"line":18,"column":38}},"22":{"start":{"line":19,"column":6},"end":{"line":19,"column":30}},"23":{"start":{"line":20,"column":26},"end":{"line":22,"column":null}},"24":{"start":{"line":20,"column":12},"end":{"line":22,"column":null}},"25":{"start":{"line":23,"column":6},"end":{"line":23,"column":28}},"26":{"start":{"line":25,"column":4},"end":{"line":25,"column":24}},"27":{"start":{"line":28,"column":21},"end":{"line":39,"column":4}},"28":{"start":{"line":29,"column":4},"end":{"line":29,"column":23}},"29":{"start":{"line":30,"column":8},"end":{"line":30,"column":19}},"30":{"start":{"line":31,"column":12},"end":{"line":31,"column":38}},"31":{"start":{"line":32,"column":6},"end":{"line":32,"column":30}},"32":{"start":{"line":33,"column":26},"end":{"line":35,"column":null}},"33":{"start":{"line":33,"column":12},"end":{"line":35,"column":null}},"34":{"start":{"line":36,"column":6},"end":{"line":36,"column":28}},"35":{"start":{"line":38,"column":4},"end":{"line":38,"column":24}},"36":{"start":{"line":40,"column":2},"end":{"line":42,"column":3}},"37":{"start":{"line":41,"column":4},"end":{"line":41,"column":23}},"38":{"start":{"line":44,"column":2},"end":{"line":68,"column":4}},"39":{"start":{"line":47,"column":29},"end":{"line":52,"column":10}},"40":{"start":{"line":71,"column":0},"end":{"line":71,"column":23}}},"fnMap":{"0":{"name":"Results","decl":{"start":{"line":8,"column":9},"end":{"line":8,"column":16}},"loc":{"start":{"line":8,"column":39},"end":{"line":69,"column":1}}},"1":{"name":"(anonymous_21)","decl":{"start":{"line":15,"column":25},"end":{"line":15,"column":null}},"loc":{"start":{"line":15,"column":25},"end":{"line":26,"column":4}}},"2":{"name":"(anonymous_24)","decl":{"start":{"line":28,"column":21},"end":{"line":28,"column":null}},"loc":{"start":{"line":28,"column":21},"end":{"line":39,"column":4}}},"3":{"name":"(anonymous_27)","decl":{"start":{"line":47,"column":19},"end":{"line":47,"column":20}},"loc":{"start":{"line":47,"column":24},"end":{"line":47,"column":null}}}},"branchMap":{"0":{"loc":{"start":{"line":17,"column":8},"end":{"line":17,"column":19}},"type":"if","locations":[{"start":{"line":17,"column":8},"end":{"line":17,"column":19}}]},"1":{"loc":{"start":{"line":30,"column":8},"end":{"line":30,"column":19}},"type":"if","locations":[{"start":{"line":30,"column":8},"end":{"line":30,"column":19}}]},"2":{"loc":{"start":{"line":40,"column":2},"end":{"line":42,"column":3}},"type":"if","locations":[{"start":{"line":40,"column":2},"end":{"line":42,"column":3}}]},"3":{"loc":{"start":{"line":54,"column":7},"end":{"line":65,"column":null}},"type":"binary-expr","locations":[{"start":{"line":54,"column":7},"end":{"line":54,"column":23}},{"start":{"line":55,"column":8},"end":{"line":64,"column":null}}]}},"s":{"0":1,"1":1,"2":1,"3":1,"4":1,"5":2,"6":2,"7":2,"8":2,"9":2,"10":2,"11":2,"12":2,"13":2,"14":2,"15":2,"16":2,"17":2,"18":2,"19":0,"20":0,"21":0,"22":0,"23":0,"24":0,"25":0,"26":0,"27":2,"28":0,"29":0,"30":0,"31":0,"32":0,"33":0,"34":0,"35":0,"36":2,"37":0,"38":2,"39":0,"40":1},"f":{"0":2,"1":0,"2":0,"3":0},"b":{"0":[0],"1":[0],"2":[0],"3":[2,0]}}
,"D:\\Study\\RS-React-Apps\\src\\services\\fetchData.ts": {"path":"D:\\Study\\RS-React-Apps\\src\\services\\fetchData.ts","statementMap":{"0":{"start":{"line":1,"column":0},"end":{"line":1,"column":37}},"1":{"start":{"line":4,"column":2},"end":{"line":4,"column":19}},"2":{"start":{"line":6,"column":21},"end":{"line":6,"column":null}},"3":{"start":{"line":6,"column":10},"end":{"line":6,"column":null}},"4":{"start":{"line":7,"column":17},"end":{"line":7,"column":null}},"5":{"start":{"line":7,"column":10},"end":{"line":7,"column":null}},"6":{"start":{"line":8,"column":4},"end":{"line":8,"column":30}},"7":{"start":{"line":9,"column":4},"end":{"line":9,"column":91}},"8":{"start":{"line":11,"column":4},"end":{"line":11,"column":49}},"9":{"start":{"line":12,"column":4},"end":{"line":12,"column":53}},"10":{"start":{"line":16,"column":0},"end":{"line":16,"column":25}}},"fnMap":{"0":{"name":"fetchData","decl":{"start":{"line":3,"column":15},"end":{"line":3,"column":24}},"loc":{"start":{"line":3,"column":36},"end":{"line":14,"column":null}}}},"branchMap":{"0":{"loc":{"start":{"line":9,"column":11},"end":{"line":9,"column":90}},"type":"cond-expr","locations":[{"start":{"line":9,"column":61},"end":{"line":9,"column":73}},{"start":{"line":9,"column":76},"end":{"line":9,"column":90}}]},"1":{"loc":{"start":{"line":9,"column":11},"end":{"line":9,"column":58}},"type":"binary-expr","locations":[{"start":{"line":9,"column":11},"end":{"line":9,"column":31}},{"start":{"line":9,"column":35},"end":{"line":9,"column":58}}]}},"s":{"0":2,"1":5,"2":5,"3":0,"4":0,"5":0,"6":0,"7":0,"8":3,"9":3,"10":2},"f":{"0":5},"b":{"0":[0,0],"1":[0,0]}}
,"D:\\Study\\RS-React-Apps\\src\\store\\enum.ts": {"path":"D:\\Study\\RS-React-Apps\\src\\store\\enum.ts","statementMap":{"0":{"start":{"line":1,"column":0},"end":{"line":1,"column":null}},"1":{"start":{"line":2,"column":2},"end":{"line":2,"column":null}},"2":{"start":{"line":3,"column":2},"end":{"line":3,"column":null}}},"fnMap":{"0":{"name":"(anonymous_0)","decl":{"start":{"line":1,"column":0},"end":{"line":1,"column":12}},"loc":{"start":{"line":1,"column":16},"end":{"line":4,"column":1}}}},"branchMap":{"0":{"loc":{"start":{"line":1,"column":12},"end":{"line":1,"column":null}},"type":"binary-expr","locations":[{"start":{"line":1,"column":12},"end":{"line":1,"column":16}},{"start":{"line":1,"column":16},"end":{"line":1,"column":null}}]}},"s":{"0":2,"1":2,"2":2},"f":{"0":2},"b":{"0":[2,2]}}
}
