TN:
SF:src\app\App.tsx
FN:10,App
FN:15,fetch
FN:16,(anonymous_18)
FN:24,(anonymous_21)
FN:27,(anonymous_22)
FN:31,handleError
FNF:6
FNH:4
FNDA:4,App
FNDA:2,fetch
FNDA:4,(anonymous_18)
FNDA:0,(anonymous_21)
FNDA:2,(anonymous_22)
FNDA:0,handleError
DA:1,1
DA:2,1
DA:3,1
DA:4,1
DA:5,1
DA:6,1
DA:7,1
DA:8,1
DA:11,4
DA:12,4
DA:13,4
DA:15,4
DA:16,2
DA:17,2
DA:18,2
DA:21,0
DA:22,0
DA:24,2
DA:27,4
DA:28,2
DA:32,0
DA:33,0
DA:36,4
DA:37,0
DA:40,4
DA:41,2
DA:44,2
DA:52,1
LF:28
LH:23
BRDA:15,0,0,2
BRDA:19,1,0,0
BRDA:19,1,1,2
BRDA:36,2,0,0
BRDA:40,3,0,2
BRF:5
BRH:3
end_of_record
TN:
SF:src\components\inputForm\index.tsx
FN:5,InputForm
FN:8,handleSearchInput
FN:14,changeText
FN:19,throwError
FNF:4
FNH:2
FNDA:6,InputForm
FNDA:0,handleSearchInput
FNDA:1,changeText
FNDA:0,throwError
DA:1,1
DA:2,1
DA:5,6
DA:6,6
DA:9,0
DA:10,0
DA:11,0
DA:15,1
DA:16,1
DA:20,0
DA:21,0
DA:23,0
DA:27,6
DA:38,1
LF:14
LH:8
BRDA:6,0,0,6
BRDA:6,0,1,6
BRF:2
BRH:2
end_of_record
TN:
SF:src\components\loading\index.tsx
FN:4,Loading
FNF:1
FNH:1
FNDA:2,Loading
DA:1,1
DA:2,1
DA:5,2
DA:15,1
LF:4
LH:4
BRF:0
BRH:0
end_of_record
TN:
SF:src\components\results\index.tsx
FN:8,Results
FN:15,(anonymous_21)
FN:28,(anonymous_24)
FN:47,(anonymous_27)
FNF:4
FNH:1
FNDA:2,Results
FNDA:0,(anonymous_21)
FNDA:0,(anonymous_24)
FNDA:0,(anonymous_27)
DA:1,1
DA:3,1
DA:4,1
DA:5,1
DA:6,1
DA:8,2
DA:9,2
DA:10,2
DA:11,2
DA:12,2
DA:13,2
DA:15,2
DA:16,0
DA:17,0
DA:18,0
DA:19,0
DA:20,0
DA:23,0
DA:25,0
DA:28,2
DA:29,0
DA:30,0
DA:31,0
DA:32,0
DA:33,0
DA:36,0
DA:38,0
DA:40,2
DA:41,0
DA:44,2
DA:47,0
DA:71,1
LF:32
LH:16
BRDA:17,0,0,0
BRDA:30,1,0,0
BRDA:40,2,0,0
BRDA:54,3,0,2
BRDA:54,3,1,0
BRF:5
BRH:1
end_of_record
TN:
SF:src\services\fetchData.ts
FN:3,fetchData
FNF:1
FNH:1
FNDA:5,fetchData
DA:1,2
DA:4,5
DA:6,5
DA:7,0
DA:8,0
DA:9,0
DA:11,3
DA:12,3
DA:16,2
LF:9
LH:6
BRDA:9,0,0,0
BRDA:9,0,1,0
BRDA:9,1,0,0
BRDA:9,1,1,0
BRF:4
BRH:0
end_of_record
TN:
SF:src\store\enum.ts
FN:1,(anonymous_0)
FNF:1
FNH:1
FNDA:2,(anonymous_0)
DA:1,2
DA:2,2
DA:3,2
LF:3
LH:3
BRDA:1,0,0,2
BRDA:1,0,1,2
BRF:2
BRH:2
end_of_record
