TN:
SF:src\app\App.tsx
FN:10,App
FN:15,fetch
FN:16,(anonymous_18)
FN:22,(anonymous_21)
FN:25,(anonymous_22)
FN:29,handleError
FNF:6
FNH:4
FNDA:4,App
FNDA:2,fetch
FNDA:4,(anonymous_18)
FNDA:0,(anonymous_21)
FNDA:2,(anonymous_22)
FNDA:0,handleError
DA:1,1
DA:2,1
DA:3,1
DA:4,1
DA:5,1
DA:6,1
DA:7,1
DA:8,1
DA:11,4
DA:12,4
DA:13,4
DA:15,4
DA:16,2
DA:17,2
DA:18,2
DA:19,0
DA:20,0
DA:22,2
DA:25,4
DA:26,2
DA:30,0
DA:31,0
DA:34,4
DA:35,0
DA:38,4
DA:39,2
DA:42,2
DA:50,1
LF:28
LH:23
BRDA:15,0,0,2
BRDA:34,1,0,0
BRDA:38,2,0,2
BRF:3
BRH:2
end_of_record
TN:
SF:src\components\inputForm\index.tsx
FN:5,InputForm
FN:8,handleSearchInput
FN:14,changeText
FN:19,throwError
FNF:4
FNH:2
FNDA:6,InputForm
FNDA:0,handleSearchInput
FNDA:1,changeText
FNDA:0,throwError
DA:1,1
DA:2,1
DA:5,6
DA:6,6
DA:9,0
DA:10,0
DA:11,0
DA:15,1
DA:16,1
DA:20,0
DA:21,0
DA:23,0
DA:27,6
DA:38,1
LF:14
LH:8
BRDA:6,0,0,6
BRDA:6,0,1,6
BRF:2
BRH:2
end_of_record
TN:
SF:src\components\loading\index.tsx
FN:4,Loading
FNF:1
FNH:1
FNDA:2,Loading
DA:1,1
DA:2,1
DA:5,2
DA:15,1
LF:4
LH:4
BRF:0
BRH:0
end_of_record
TN:
SF:src\components\results\index.tsx
FN:5,Results
FN:8,(anonymous_2)
FNF:2
FNH:1
FNDA:2,Results
FNDA:0,(anonymous_2)
DA:1,1
DA:3,1
DA:5,2
DA:6,2
DA:8,0
DA:18,1
LF:6
LH:5
BRF:0
BRH:0
end_of_record
TN:
SF:src\services\fetchData.ts
FN:3,fetchData
FNF:1
FNH:1
FNDA:5,fetchData
DA:1,2
DA:5,5
DA:6,0
DA:7,0
DA:9,3
DA:10,3
DA:14,2
LF:7
LH:5
BRDA:7,0,0,0
BRDA:7,0,1,0
BRF:2
BRH:0
end_of_record
TN:
SF:src\store\enum.ts
FN:1,(anonymous_0)
FNF:1
FNH:1
FNDA:2,(anonymous_0)
DA:1,2
DA:2,2
DA:3,2
LF:3
LH:3
BRDA:1,0,0,2
BRDA:1,0,1,2
BRF:2
BRH:2
end_of_record
